
=== Mon Dec 15 13:04:59 2025

Packages were changed.
Update Mode: mergeDefaultDependencies

The following packages were added:
  com.unity.modules.cloth@1.0.0
  com.unity.modules.director@1.0.0
  com.unity.modules.imgui@1.0.0
  com.unity.modules.jsonserialize@1.0.0
  com.unity.modules.physics@1.0.0
  com.unity.modules.screencapture@1.0.0
  com.unity.modules.terrainphysics@1.0.0
  com.unity.modules.tilemap@1.0.0
  com.unity.modules.ui@1.0.0
  com.unity.modules.uielements@1.0.0
  com.unity.modules.umbra@1.0.0
  com.unity.modules.unitywebrequest@1.0.0
  com.unity.modules.unitywebrequestassetbundle@1.0.0
  com.unity.modules.unitywebrequestaudio@1.0.0
  com.unity.modules.unitywebrequesttexture@1.0.0
  com.unity.modules.unitywebrequestwww@1.0.0
  com.unity.modules.vehicles@1.0.0
  com.unity.modules.wind@1.0.0
The following packages were updated:
  com.unity.collab-proxy from version 2.0.7 to 2.7.1
  com.unity.inputsystem from version 1.13.1 to 1.14.0
  com.unity.render-pipelines.universal from version 14.0.7 to 14.0.12
  com.unity.visualscripting from version 1.8.0 to 1.9.4
  com.unity.xr.openxr from version 1.14.1 to 1.14.3

=== Tue Dec 16 15:24:34 2025

Packages were changed.
Update Mode: mergeDefaultDependencies

The following packages were added:
  com.unity.postprocessing@3.5.0

=== Tue Dec 16 17:00:56 2025

Packages were changed.
Update Mode: updateDependencies

The following packages were updated:
  com.unity.collab-proxy from version 2.4.4 to 2.7.1
  com.unity.ide.rider from version 3.0.21 to 3.0.36
  com.unity.ide.visualstudio from version 2.0.18 to 2.0.22
  com.unity.performance.profile-analyzer from version 1.2.2 to 1.2.3
  com.unity.postprocessing from version 3.2.2 to 3.4.0
  com.unity.settings-manager from version 2.0.1 to 2.1.0
  com.unity.testtools.codecoverage from version 1.2.3 to 1.2.6
  com.unity.textmeshpro from version 3.0.6 to 3.0.7
  com.unity.timeline from version 1.7.4 to 1.7.7
  com.unity.visualscripting from version 1.8.0 to 1.9.4

=== Tue Dec 16 17:00:56 2025

Packages were changed.
Update Mode: mergeDefaultDependencies

The following packages were added:
  com.unity.editorcoroutines@1.0.0
  com.unity.ext.nunit@1.0.6
  com.unity.ide.rider@3.0.36
  com.unity.ide.visualstudio@2.0.22
  com.unity.ide.vscode@1.2.5
  com.unity.performance.profile-analyzer@1.2.3
  com.unity.settings-manager@2.1.0
  com.unity.test-framework@1.1.33
  com.unity.testtools.codecoverage@1.2.6
  com.unity.ugui@1.0.0
  com.unity.modules.subsystems@1.0.0
